14:07:38 **** Incremental Build of configuration Debug for project PCOO-Projet ****
make all 
make: Nothing to be done for 'all'.
15:05:00 **** Incremental Build of configuration Debug for project PCOO-Projet ****
make all 
Building file: ../src/main.cpp
Invoking: GCC C++ Compiler
g++ -std=c++0x -O0 -g3 -Wall -c -fmessage-length=0 -MMD -MP -MF"src/main.d" -MT"src/main.o" -o "src/main.o" "../src/main.cpp"
Finished building: ../src/main.cpp
 
Building target: PCOO-Projet
Invoking: GCC C++ Linker
g++  -o "PCOO-Projet"  ./src/Controleur.o ./src/Etat.o ./src/Phenomene.o ./src/Process.o ./src/Serveur.o ./src/Simulator.o ./src/main.o   
Finished building target: PCOO-Projet
 
11:25:08 **** Incremental Build of configuration Debug for project PCOO-Projet ****
make all 
Building file: ../src/Controleur.cpp
Invoking: GCC C++ Compiler
g++ -std=c++0x -O0 -g3 -Wall -c -fmessage-length=0 -MMD -MP -MF"src/Controleur.d" -MT"src/Controleur.o" -o "src/Controleur.o" "../src/Controleur.cpp"
Finished building: ../src/Controleur.cpp
 
Building file: ../src/Etat.cpp
Invoking: GCC C++ Compiler
g++ -std=c++0x -O0 -g3 -Wall -c -fmessage-length=0 -MMD -MP -MF"src/Etat.d" -MT"src/Etat.o" -o "src/Etat.o" "../src/Etat.cpp"
Finished building: ../src/Etat.cpp
 
Building file: ../src/Phenomene.cpp
Invoking: GCC C++ Compiler
g++ -std=c++0x -O0 -g3 -Wall -c -fmessage-length=0 -MMD -MP -MF"src/Phenomene.d" -MT"src/Phenomene.o" -o "src/Phenomene.o" "../src/Phenomene.cpp"
In file included from ../src/Phenomene.cpp:8:0:
../src/Phenomene.h:51:20: error: redeclaration of ‘long int Phenomene::period’
  long int period = 13;
                    ^
../src/Phenomene.h:41:18: note: previous declaration ‘long int Phenomene::period’
  long int period=10;
                  ^
../src/Phenomene.cpp: In member function ‘double Phenomene::generate()’:
../src/Phenomene.cpp:24:32: error: ‘generateRand’ was not declared in this scope
   case 0 : return generateRand();
                                ^
../src/Phenomene.cpp:26:31: error: ‘generateSin’ was not declared in this scope
   case 1 : return generateSin();
                               ^
../src/Phenomene.cpp:28:31: error: ‘generateImp’ was not declared in this scope
   case 2 : return generateImp();
                               ^
../src/Phenomene.cpp:30:10: error: expected ‘:’ before ‘;’ token
   default;
          ^
../src/Phenomene.cpp: At global scope:
../src/Phenomene.cpp:35:32: error: no ‘double Phenomene::generateRand()’ member function declared in class ‘Phenomene’
 double Phenomene::generateRand(){
                                ^
../src/Phenomene.cpp:40:31: error: no ‘double Phenomene::generateSin()’ member function declared in class ‘Phenomene’
 double Phenomene::generateSin(){
                               ^
../src/Phenomene.cpp:49:31: error: no ‘double Phenomene::generateImp()’ member function declared in class ‘Phenomene’
 double Phenomene::generateImp(){
                               ^
src/subdir.mk:36: recipe for target 'src/Phenomene.o' failed
make: *** [src/Phenomene.o] Error 1
11:34:52 **** Incremental Build of configuration Debug for project PCOO-Projet ****
make all 
Building file: ../src/Phenomene.cpp
Invoking: GCC C++ Compiler
g++ -std=c++0x -O0 -g3 -Wall -c -fmessage-length=0 -MMD -MP -MF"src/Phenomene.d" -MT"src/Phenomene.o" -o "src/Phenomene.o" "../src/Phenomene.cpp"
../src/Phenomene.cpp: In member function ‘double Phenomene::generate()’:
../src/Phenomene.cpp:30:10: error: expected ‘:’ before ‘;’ token
   default;
          ^
../src/Phenomene.cpp: In member function ‘double Phenomene::generateSin()’:
../src/Phenomene.cpp:41:55: error: expression cannot be used as a function
   double sin_point = offs + ampl * sin(2*PI(tick+phase)/period);
                                                       ^
../src/Phenomene.cpp:42:15: error: expected initializer before ‘point’
   double wave point = (sin_point + generateRand);
               ^
../src/Phenomene.cpp:43:6: error: ‘wave_point’ was not declared in this scope
   if(wave_point > sat_max) wave_point= sat_max;
      ^
../src/Phenomene.cpp:45:10: error: ‘wave_point’ was not declared in this scope
   return wave_point;
          ^
../src/Phenomene.cpp:41:10: warning: unused variable ‘sin_point’ [-Wunused-variable]
   double sin_point = offs + ampl * sin(2*PI(tick+phase)/period);
          ^
../src/Phenomene.cpp: In member function ‘double Phenomene::generateImp()’:
../src/Phenomene.cpp:57:24: error: expected ‘;’ before ‘imp_point’
  else(period_tick < 0) imp_point = v_low;
                        ^
../src/Phenomene.cpp:59:14: error: expected initializer before ‘point’
  double wave point = (imp_point + generateRand);
              ^
../src/Phenomene.cpp:60:5: error: ‘wave_point’ was not declared in this scope
  if(wave_point > sat_max) wave_point= sat_max;
     ^
../src/Phenomene.cpp:62:9: error: ‘wave_point’ was not declared in this scope
  return wave_point;
         ^
../src/Phenomene.cpp: In member function ‘double Phenomene::generate()’:
../src/Phenomene.cpp:32:1: warning: control reaches end of non-void function [-Wreturn-type]
 }
 ^
src/subdir.mk:36: recipe for target 'src/Phenomene.o' failed
make: *** [src/Phenomene.o] Error 1
11:35:35 **** Incremental Build of configuration Debug for project PCOO-Projet ****
make all 
Building file: ../src/Phenomene.cpp
Invoking: GCC C++ Compiler
g++ -std=c++0x -O0 -g3 -Wall -c -fmessage-length=0 -MMD -MP -MF"src/Phenomene.d" -MT"src/Phenomene.o" -o "src/Phenomene.o" "../src/Phenomene.cpp"
../src/Phenomene.cpp: In member function ‘double Phenomene::generateSin()’:
../src/Phenomene.cpp:42:55: error: expression cannot be used as a function
   double sin_point = offs + ampl * sin(2*PI(tick+phase)/period);
                                                       ^
../src/Phenomene.cpp:43:15: error: expected initializer before ‘point’
   double wave point = (sin_point + generateRand);
               ^
../src/Phenomene.cpp:44:6: error: ‘wave_point’ was not declared in this scope
   if(wave_point > sat_max) wave_point= sat_max;
      ^
../src/Phenomene.cpp:46:10: error: ‘wave_point’ was not declared in this scope
   return wave_point;
          ^
../src/Phenomene.cpp:42:10: warning: unused variable ‘sin_point’ [-Wunused-variable]
   double sin_point = offs + ampl * sin(2*PI(tick+phase)/period);
          ^
../src/Phenomene.cpp: In member function ‘double Phenomene::generateImp()’:
../src/Phenomene.cpp:58:24: error: expected ‘;’ before ‘imp_point’
  else(period_tick < 0) imp_point = v_low;
                        ^
../src/Phenomene.cpp:60:14: error: expected initializer before ‘point’
  double wave point = (imp_point + generateRand);
              ^
../src/Phenomene.cpp:61:5: error: ‘wave_point’ was not declared in this scope
src/subdir.mk:36: recipe for target 'src/Phenomene.o' failed
  if(wave_point > sat_max) wave_point= sat_max;
     ^
../src/Phenomene.cpp:63:9: error: ‘wave_point’ was not declared in this scope
  return wave_point;
         ^
../src/Phenomene.cpp: In member function ‘double Phenomene::generate()’:
../src/Phenomene.cpp:33:1: warning: control reaches end of non-void function [-Wreturn-type]
 }
 ^
make: *** [src/Phenomene.o] Error 1
11:35:53 **** Incremental Build of configuration Debug for project PCOO-Projet ****
make all 
Building file: ../src/Phenomene.cpp
Invoking: GCC C++ Compiler
g++ -std=c++0x -O0 -g3 -Wall -c -fmessage-length=0 -MMD -MP -MF"src/Phenomene.d" -MT"src/Phenomene.o" -o "src/Phenomene.o" "../src/Phenomene.cpp"
../src/Phenomene.cpp: In member function ‘double Phenomene::generateSin()’:
../src/Phenomene.cpp:43:15: error: expected initializer before ‘point’
   double wave point = (sin_point + generateRand);
               ^
../src/Phenomene.cpp:44:6: error: ‘wave_point’ was not declared in this scope
   if(wave_point > sat_max) wave_point= sat_max;
      ^
../src/Phenomene.cpp:46:10: error: ‘wave_point’ was not declared in this scope
   return wave_point;
          ^
../src/Phenomene.cpp:42:10: warning: unused variable ‘sin_point’ [-Wunused-variable]
   double sin_point = offs + ampl * sin(2*PI*(tick+phase)/period);
          ^
../src/Phenomene.cpp: In member function ‘double Phenomene::generateImp()’:
../src/Phenomene.cpp:58:24: error: expected ‘;’ before ‘imp_point’
  else(period_tick < 0) imp_point = v_low;
                        ^
../src/Phenomene.cpp:60:14: error: expected initializer before ‘point’
  double wave point = (imp_point + generateRand);
              ^
../src/Phenomene.cpp:61:5: error: ‘wave_point’ was not declared in this scope
  if(wave_point > sat_max) wave_point= sat_max;
     ^
../src/Phenomene.cpp:63:9: error: ‘wave_point’ was not declared in this scope
  return wave_point;
         ^
../src/Phenomene.cpp: In member function ‘double Phenomene::generate()’:
../src/Phenomene.cpp:33:1: warning: control reaches end of non-void function [-Wreturn-type]
 }
 ^
src/subdir.mk:36: recipe for target 'src/Phenomene.o' failed
make: *** [src/Phenomene.o] Error 1
11:36:21 **** Incremental Build of configuration Debug for project PCOO-Projet ****
make all 
Building file: ../src/Phenomene.cpp
Invoking: GCC C++ Compiler
g++ -std=c++0x -O0 -g3 -Wall -c -fmessage-length=0 -MMD -MP -MF"src/Phenomene.d" -MT"src/Phenomene.o" -o "src/Phenomene.o" "../src/Phenomene.cpp"
../src/Phenomene.cpp: In member function ‘double Phenomene::generateSin()’:
../src/Phenomene.cpp:43:15: error: expected initializer before ‘point’
   double wave point = (sin_point + generateRand);
               ^
../src/Phenomene.cpp:44:6: error: ‘wave_point’ was not declared in this scope
   if(wave_point > sat_max) wave_point= sat_max;
      ^
../src/Phenomene.cpp:46:10: error: ‘wave_point’ was not declared in this scope
   return wave_point;
          ^
../src/Phenomene.cpp:42:10: warning: unused variable ‘sin_point’ [-Wunused-variable]
   double sin_point = offs + ampl * sin(2*PI*(tick+phase)/period);
          ^
../src/Phenomene.cpp: In member function ‘double Phenomene::generateImp()’:
../src/Phenomene.cpp:58:24: error: expected ‘;’ before ‘imp_point’
  else(period_tick < 0) imp_point = v_low;
                        ^
../src/Phenomene.cpp:60:14: error: expected initializer before ‘point’
  double wave point = (imp_point + generateRand);
              ^
../src/Phenomene.cpp:61:5: error: ‘wave_point’ was not declared in this scope
  if(wave_point > sat_max) wave_point= sat_max;
     ^
../src/Phenomene.cpp:63:9: error: ‘wave_point’ was not declared in this scope
  return wave_point;
         ^
../src/Phenomene.cpp: In member function ‘double Phenomene::generate()’:
../src/Phenomene.cpp:33:1: warning: control reaches end of non-void function [-Wreturn-type]
 }
 ^
src/subdir.mk:36: recipe for target 'src/Phenomene.o' failed
make: *** [src/Phenomene.o] Error 1
11:37:02 **** Incremental Build of configuration Debug for project PCOO-Projet ****
make all 
Building file: ../src/Phenomene.cpp
Invoking: GCC C++ Compiler
g++ -std=c++0x -O0 -g3 -Wall -c -fmessage-length=0 -MMD -MP -MF"src/Phenomene.d" -MT"src/Phenomene.o" -o "src/Phenomene.o" "../src/Phenomene.cpp"
../src/Phenomene.cpp: In member function ‘double Phenomene::generateSin()’:
../src/Phenomene.cpp:43:36: error: invalid use of member function (did you forget the ‘()’ ?)
   double wave_point = (sin_point + generateRand);
                                    ^
../src/Phenomene.cpp: In member function ‘double Phenomene::generateImp()’:
../src/Phenomene.cpp:58:24: error: expected ‘;’ before ‘imp_point’
  else(period_tick < 0) imp_point = v_low;
                        ^
../src/Phenomene.cpp:60:14: error: expected initializer before ‘point’
  double wave point = (imp_point + generateRand);
              ^
../src/Phenomene.cpp:61:5: error: ‘wave_point’ was not declared in this scope
  if(wave_point > sat_max) wave_point= sat_max;
     ^
../src/Phenomene.cpp:63:9: error: ‘wave_point’ was not declared in this scope
  return wave_point;
         ^
../src/Phenomene.cpp: In member function ‘double Phenomene::generate()’:
../src/Phenomene.cpp:33:1: warning: control reaches end of non-void function [-Wreturn-type]
 }
 ^
make: *** [src/Phenomene.o] Error 1
src/subdir.mk:36: recipe for target 'src/Phenomene.o' failed
11:37:22 **** Incremental Build of configuration Debug for project PCOO-Projet ****
make all 
Building file: ../src/Phenomene.cpp
Invoking: GCC C++ Compiler
g++ -std=c++0x -O0 -g3 -Wall -c -fmessage-length=0 -MMD -MP -MF"src/Phenomene.d" -MT"src/Phenomene.o" -o "src/Phenomene.o" "../src/Phenomene.cpp"
../src/Phenomene.cpp: In member function ‘double Phenomene::generateImp()’:
../src/Phenomene.cpp:58:24: error: expected ‘;’ before ‘imp_point’
  else(period_tick < 0) imp_point = v_low;
                        ^
../src/Phenomene.cpp:60:14: error: expected initializer before ‘point’
  double wave point = (imp_point + generateRand);
              ^
../src/Phenomene.cpp:61:5: error: ‘wave_point’ was not declared in this scope
  if(wave_point > sat_max) wave_point= sat_max;
     ^
../src/Phenomene.cpp:63:9: error: ‘wave_point’ was not declared in this scope
  return wave_point;
         ^
../src/Phenomene.cpp: In member function ‘double Phenomene::generate()’:
../src/Phenomene.cpp:33:1: warning: control reaches end of non-void function [-Wreturn-type]
 }
 ^
src/subdir.mk:36: recipe for target 'src/Phenomene.o' failed
make: *** [src/Phenomene.o] Error 1
11:37:58 **** Incremental Build of configuration Debug for project PCOO-Projet ****
make all 
Building file: ../src/Phenomene.cpp
Invoking: GCC C++ Compiler
g++ -std=c++0x -O0 -g3 -Wall -c -fmessage-length=0 -MMD -MP -MF"src/Phenomene.d" -MT"src/Phenomene.o" -o "src/Phenomene.o" "../src/Phenomene.cpp"
../src/Phenomene.cpp: In member function ‘double Phenomene::generateImp()’:
../src/Phenomene.cpp:57:101: error: expected ‘;’ before ‘)’ token
  if(period_tick < (t_rise+pwidth+t_fall)) imp_point = ((v_low-v_high)/t_fall)*(tick-(t_rise+pwidth)));
                                                                                                     ^
../src/Phenomene.cpp:58:24: error: expected ‘;’ before ‘imp_point’
  else(period_tick < 0) imp_point = v_low;
                        ^
../src/Phenomene.cpp:60:14: error: expected initializer before ‘point’
  double wave point = (imp_point + generateRand);
              ^
../src/Phenomene.cpp:61:5: error: ‘wave_point’ was not declared in this scope
  if(wave_point > sat_max) wave_point= sat_max;
     ^
../src/Phenomene.cpp:63:9: error: ‘wave_point’ was not declared in this scope
  return wave_point;
         ^
../src/Phenomene.cpp: In member function ‘double Phenomene::generate()’:
../src/Phenomene.cpp:33:1: warning: control reaches end of non-void function [-Wreturn-type]
 }
 ^
make: *** [src/Phenomene.o] Error 1
src/subdir.mk:36: recipe for target 'src/Phenomene.o' failed
11:38:26 **** Incremental Build of configuration Debug for project PCOO-Projet ****
make all 
Building file: ../src/Phenomene.cpp
Invoking: GCC C++ Compiler
g++ -std=c++0x -O0 -g3 -Wall -c -fmessage-length=0 -MMD -MP -MF"src/Phenomene.d" -MT"src/Phenomene.o" -o "src/Phenomene.o" "../src/Phenomene.cpp"
../src/Phenomene.cpp: In member function ‘double Phenomene::generateImp()’:
../src/Phenomene.cpp:58:24: error: expected ‘;’ before ‘imp_point’
  else(period_tick < 0) imp_point = v_low;
                        ^
../src/Phenomene.cpp:60:14: error: expected initializer before ‘point’
  double wave point = (imp_point + generateRand);
              ^
../src/Phenomene.cpp:61:5: error: ‘wave_point’ was not declared in this scope
  if(wave_point > sat_max) wave_point= sat_max;
     ^
../src/Phenomene.cpp:63:9: error: ‘wave_point’ was not declared in this scope
  return wave_point;
         ^
../src/Phenomene.cpp: In member function ‘double Phenomene::generate()’:
../src/Phenomene.cpp:33:1: warning: control reaches end of non-void function [-Wreturn-type]
 }
 ^
src/subdir.mk:36: recipe for target 'src/Phenomene.o' failed
make: *** [src/Phenomene.o] Error 1
11:38:49 **** Incremental Build of configuration Debug for project PCOO-Projet ****
make all 
Building file: ../src/Phenomene.cpp
Invoking: GCC C++ Compiler
g++ -std=c++0x -O0 -g3 -Wall -c -fmessage-length=0 -MMD -MP -MF"src/Phenomene.d" -MT"src/Phenomene.o" -o "src/Phenomene.o" "../src/Phenomene.cpp"
../src/Phenomene.cpp: In member function ‘double Phenomene::generateImp()’:
../src/Phenomene.cpp:60:14: error: expected initializer before ‘point’
  double wave point = (imp_point + generateRand);
              ^
../src/Phenomene.cpp:61:5: error: ‘wave_point’ was not declared in this scope
  if(wave_point > sat_max) wave_point= sat_max;
     ^
../src/Phenomene.cpp:63:9: error: ‘wave_point’ was not declared in this scope
  return wave_point;
         ^
../src/Phenomene.cpp: In member function ‘double Phenomene::generate()’:
../src/Phenomene.cpp:33:1: warning: control reaches end of non-void function [-Wreturn-type]
 }
 ^
make: *** [src/Phenomene.o] Error 1
src/subdir.mk:36: recipe for target 'src/Phenomene.o' failed
11:39:06 **** Incremental Build of configuration Debug for project PCOO-Projet ****
make all 
Building file: ../src/Phenomene.cpp
Invoking: GCC C++ Compiler
g++ -std=c++0x -O0 -g3 -Wall -c -fmessage-length=0 -MMD -MP -MF"src/Phenomene.d" -MT"src/Phenomene.o" -o "src/Phenomene.o" "../src/Phenomene.cpp"
../src/Phenomene.cpp: In member function ‘double Phenomene::generateImp()’:
../src/Phenomene.cpp:60:14: error: expected initializer before ‘point’
  double wave point = (imp_point + generateRand());
              ^
../src/Phenomene.cpp:61:5: error: ‘wave_point’ was not declared in this scope
  if(wave_point > sat_max) wave_point= sat_max;
     ^
../src/Phenomene.cpp:63:9: error: ‘wave_point’ was not declared in this scope
  return wave_point;
         ^
../src/Phenomene.cpp: In member function ‘double Phenomene::generate()’:
../src/Phenomene.cpp:33:1: warning: control reaches end of non-void function [-Wreturn-type]
 }
 ^
src/subdir.mk:36: recipe for target 'src/Phenomene.o' failed
make: *** [src/Phenomene.o] Error 1
11:39:09 **** Incremental Build of configuration Debug for project PCOO-Projet ****
make all 
Building file: ../src/Phenomene.cpp
Invoking: GCC C++ Compiler
g++ -std=c++0x -O0 -g3 -Wall -c -fmessage-length=0 -MMD -MP -MF"src/Phenomene.d" -MT"src/Phenomene.o" -o "src/Phenomene.o" "../src/Phenomene.cpp"
../src/Phenomene.cpp: In member function ‘double Phenomene::generateImp()’:
../src/Phenomene.cpp:60:14: error: expected initializer before ‘point’
  double wave point = (imp_point + generateRand());
              ^
../src/Phenomene.cpp:61:5: error: ‘wave_point’ was not declared in this scope
  if(wave_point > sat_max) wave_point= sat_max;
     ^
../src/Phenomene.cpp:63:9: error: ‘wave_point’ was not declared in this scope
  return wave_point;
         ^
../src/Phenomene.cpp: In member function ‘double Phenomene::generate()’:
../src/Phenomene.cpp:33:1: warning: control reaches end of non-void function [-Wreturn-type]
 }
 ^
src/subdir.mk:36: recipe for target 'src/Phenomene.o' failed
make: *** [src/Phenomene.o] Error 1
11:39:22 **** Incremental Build of configuration Debug for project PCOO-Projet ****
make all 
Building file: ../src/Phenomene.cpp
Invoking: GCC C++ Compiler
g++ -std=c++0x -O0 -g3 -Wall -c -fmessage-length=0 -MMD -MP -MF"src/Phenomene.d" -MT"src/Phenomene.o" -o "src/Phenomene.o" "../src/Phenomene.cpp"
../src/Phenomene.cpp: In member function ‘double Phenomene::generate()’:
../src/Phenomene.cpp:33:1: warning: control reaches end of non-void function [-Wreturn-type]
 }
 ^
Finished building: ../src/Phenomene.cpp
 
Building file: ../src/Process.cpp
Invoking: GCC C++ Compiler
g++ -std=c++0x -O0 -g3 -Wall -c -fmessage-length=0 -MMD -MP -MF"src/Process.d" -MT"src/Process.o" -o "src/Process.o" "../src/Process.cpp"
Finished building: ../src/Process.cpp
 
Building file: ../src/Serveur.cpp
Invoking: GCC C++ Compiler
g++ -std=c++0x -O0 -g3 -Wall -c -fmessage-length=0 -MMD -MP -MF"src/Serveur.d" -MT"src/Serveur.o" -o "src/Serveur.o" "../src/Serveur.cpp"
Finished building: ../src/Serveur.cpp
 
Building file: ../src/Simulator.cpp
Invoking: GCC C++ Compiler
g++ -std=c++0x -O0 -g3 -Wall -c -fmessage-length=0 -MMD -MP -MF"src/Simulator.d" -MT"src/Simulator.o" -o "src/Simulator.o" "../src/Simulator.cpp"
../src/Simulator.cpp: In member function ‘void Simulator::tick()’:
../src/Simulator.cpp:18:18: error: no matching function for call to ‘begin(std::vector<Process*>*&)’
  for(Process*p : processes){
                  ^
In file included from /usr/include/c++/5/vector:66:0,
                 from ../src/Simulator.h:11,
                 from ../src/Simulator.cpp:8:
/usr/include/c++/5/bits/range_access.h:87:5: note: candidate: template<class _Tp, long unsigned int _Nm> _Tp* std::begin(_Tp (&)[_Nm])
     begin(_Tp (&__arr)[_Nm])
     ^
/usr/include/c++/5/bits/range_access.h:87:5: note:   template argument deduction/substitution failed:
../src/Simulator.cpp:18:18: note:   mismatched types ‘_Tp [_Nm]’ and ‘std::vector<Process*>*’
  for(Process*p : processes){
                  ^
In file included from /usr/include/c++/5/vector:66:0,
                 from ../src/Simulator.h:11,
                 from ../src/Simulator.cpp:8:
/usr/include/c++/5/bits/range_access.h:58:5: note: candidate: template<class _Container> decltype (__cont.begin()) std::begin(const _Container&)
     begin(const _Container& __cont) -> decltype(__cont.begin())
     ^
/usr/include/c++/5/bits/range_access.h:58:5: note:   template argument deduction/substitution failed:
/usr/include/c++/5/bits/range_access.h: In substitution of ‘template<class _Container> decltype (__cont.begin()) std::begin(const _Container&) [with _Container = std::vector<Process*>*]’:
../src/Simulator.cpp:18:18:   required from here
/usr/include/c++/5/bits/range_access.h:58:5: error: request for member ‘begin’ in ‘__cont’, which is of pointer type ‘std::vector<Process*>* const’ (maybe you meant to use ‘->’ ?)
/usr/include/c++/5/bits/range_access.h:48:5: note: candidate: template<class _Container> decltype (__cont.begin()) std::begin(_Container&)
     begin(_Container& __cont) -> decltype(__cont.begin())
     ^
/usr/include/c++/5/bits/range_access.h:48:5: note:   template argument deduction/substitution failed:
/usr/include/c++/5/bits/range_access.h: In substitution of ‘template<class _Container> decltype (__cont.begin()) std::begin(_Container&) [with _Container = std::vector<Process*>*]’:
../src/Simulator.cpp:18:18:   required from here
src/subdir.mk:36: recipe for target 'src/Simulator.o' failed
/usr/include/c++/5/bits/range_access.h:48:5: error: request for member ‘begin’ in ‘__cont’, which is of pointer type ‘std::vector<Process*>*’ (maybe you meant to use ‘->’ ?)
In file included from /usr/include/c++/5/bits/stl_vector.h:63:0,
                 from /usr/include/c++/5/vector:64,
                 from ../src/Simulator.h:11,
                 from ../src/Simulator.cpp:8:
/usr/include/c++/5/initializer_list:89:5: note: candidate: template<class _Tp> constexpr const _Tp* std::begin(std::initializer_list<_Tp>)
     begin(initializer_list<_Tp> __ils) noexcept
     ^
/usr/include/c++/5/initializer_list:89:5: note:   template argument deduction/substitution failed:
../src/Simulator.cpp:18:18: note:   mismatched types ‘std::initializer_list<_Tp>’ and ‘std::vector<Process*>*’
  for(Process*p : processes){
                  ^
../src/Simulator.cpp:18:18: error: no matching function for call to ‘end(std::vector<Process*>*&)’
In file included from /usr/include/c++/5/vector:66:0,
                 from ../src/Simulator.h:11,
                 from ../src/Simulator.cpp:8:
/usr/include/c++/5/bits/range_access.h:97:5: note: candidate: template<class _Tp, long unsigned int _Nm> _Tp* std::end(_Tp (&)[_Nm])
     end(_Tp (&__arr)[_Nm])
     ^
/usr/include/c++/5/bits/range_access.h:97:5: note:   template argument deduction/substitution failed:
../src/Simulator.cpp:18:18: note:   mismatched types ‘_Tp [_Nm]’ and ‘std::vector<Process*>*’
  for(Process*p : processes){
                  ^
In file included from /usr/include/c++/5/vector:66:0,
                 from ../src/Simulator.h:11,
                 from ../src/Simulator.cpp:8:
/usr/include/c++/5/bits/range_access.h:78:5: note: candidate: template<class _Container> decltype (__cont.end()) std::end(const _Container&)
     end(const _Container& __cont) -> decltype(__cont.end())
     ^
/usr/include/c++/5/bits/range_access.h:78:5: note:   template argument deduction/substitution failed:
/usr/include/c++/5/bits/range_access.h: In substitution of ‘template<class _Container> decltype (__cont.end()) std::end(const _Container&) [with _Container = std::vector<Process*>*]’:
../src/Simulator.cpp:18:18:   required from here
/usr/include/c++/5/bits/range_access.h:78:5: error: request for member ‘end’ in ‘__cont’, which is of pointer type ‘std::vector<Process*>* const’ (maybe you meant to use ‘->’ ?)
/usr/include/c++/5/bits/range_access.h:68:5: note: candidate: template<class _Container> decltype (__cont.end()) std::end(_Container&)
     end(_Container& __cont) -> decltype(__cont.end())
     ^
/usr/include/c++/5/bits/range_access.h:68:5: note:   template argument deduction/substitution failed:
/usr/include/c++/5/bits/range_access.h: In substitution of ‘template<class _Container> decltype (__cont.end()) std::end(_Container&) [with _Container = std::vector<Process*>*]’:
../src/Simulator.cpp:18:18:   required from here
/usr/include/c++/5/bits/range_access.h:68:5: error: request for member ‘end’ in ‘__cont’, which is of pointer type ‘std::vector<Process*>*’ (maybe you meant to use ‘->’ ?)
In file included from /usr/include/c++/5/bits/stl_vector.h:63:0,
                 from /usr/include/c++/5/vector:64,
                 from ../src/Simulator.h:11,
                 from ../src/Simulator.cpp:8:
/usr/include/c++/5/initializer_list:99:5: note: candidate: template<class _Tp> constexpr const _Tp* std::end(std::initializer_list<_Tp>)
     end(initializer_list<_Tp> __ils) noexcept
     ^
/usr/include/c++/5/initializer_list:99:5: note:   template argument deduction/substitution failed:
../src/Simulator.cpp:18:18: note:   mismatched types ‘std::initializer_list<_Tp>’ and ‘std::vector<Process*>*’
  for(Process*p : processes){
                  ^
make: *** [src/Simulator.o] Error 1
11:39:47 **** Incremental Build of configuration Debug for project PCOO-Projet ****
make all 
Building file: ../src/Simulator.cpp
Invoking: GCC C++ Compiler
g++ -std=c++0x -O0 -g3 -Wall -c -fmessage-length=0 -MMD -MP -MF"src/Simulator.d" -MT"src/Simulator.o" -o "src/Simulator.o" "../src/Simulator.cpp"
Finished building: ../src/Simulator.cpp
 
Building file: ../src/main.cpp
Invoking: GCC C++ Compiler
g++ -std=c++0x -O0 -g3 -Wall -c -fmessage-length=0 -MMD -MP -MF"src/main.d" -MT"src/main.o" -o "src/main.o" "../src/main.cpp"
Finished building: ../src/main.cpp
 
Building target: PCOO-Projet
Invoking: GCC C++ Linker
g++  -o "PCOO-Projet"  ./src/Controleur.o ./src/Etat.o ./src/Phenomene.o ./src/Process.o ./src/Serveur.o ./src/Simulator.o ./src/main.o   
Finished building target: PCOO-Projet
 
